<?xml version="1.0" encoding="UTF-8"?>
<!-- Generated by org.testng.reporters.JUnitXMLReporter -->
<testsuite ignored="0" hostname="LAPTOP-4GCDTFLO" failures="0" tests="6" name="Accounts" time="367.468" errors="0" timestamp="2021-06-19T14:45:56 IST">
  <testcase classname="salesforce.testcases.CreateAccount" name="createNewAccount" time="44.649"/>
  <testcase classname="salesforce.testcases.CreateAccount" name="createNewAccount" time="49.068"/>
  <testcase classname="salesforce.testcases.EditAccount" name="editAccount" time="69.331"/>
  <testcase classname="salesforce.testcases.EditAccount" name="editAccount" time="66.272"/>
  <testcase classname="salesforce.testcases.DeleteAccount" name="deleteAccount" time="51.739"/>
  <testcase classname="salesforce.testcases.DeleteAccount" name="deleteAccount" time="51.553"/>
</testsuite> <!-- Accounts -->
