<?xml version="1.0" encoding="UTF-8"?>
<!-- Generated by org.testng.reporters.JUnitXMLReporter -->
<testsuite ignored="0" hostname="LAPTOP-4GCDTFLO" failures="0" tests="4" name="WorkTypeGroups" time="186.382" errors="0" timestamp="2021-06-22T00:10:03 IST">
  <testcase classname="salesforce.testcases.CreateWorkTypeGroup" name="createWorkTypeGroup" time="35.692"/>
  <testcase classname="salesforce.testcases.EditWorkTypeGroup" name="editWorkTypeGroup" time="41.428"/>
  <testcase classname="salesforce.testcases.DeleteWorkTypeGroup" name="deleteWorkTypeGroup" time="41.901"/>
  <testcase classname="salesforce.testcases.WorkTypeGroupSortingByName" name="sortWorkTypeGroup" time="37.914"/>
</testsuite> <!-- WorkTypeGroups -->
