<?xml version="1.0" encoding="UTF-8"?>
<!-- Generated by org.testng.reporters.JUnitXMLReporter -->
<testsuite ignored="0" hostname="LAPTOP-4GCDTFLO" failures="0" tests="4" name="WorkTypeGroups" time="179.643" errors="0" timestamp="2021-06-19T17:31:14 IST">
  <testcase classname="salesforce.testcases.CreateWorkTypeGroup" name="createWorkTypeGroup" time="35.401"/>
  <testcase classname="salesforce.testcases.EditWorkTypeGroup" name="editWorkTypeGroup" time="37.982"/>
  <testcase classname="salesforce.testcases.DeleteWorkTypeGroup" name="deleteWorkTypeGroup" time="39.302"/>
  <testcase classname="salesforce.testcases.WorkTypeGroupSortingByName" name="sortWorkTypeGroup" time="36.87"/>
</testsuite> <!-- WorkTypeGroups -->
