<?xml version="1.0" encoding="UTF-8"?>
<testng-results ignored="0" total="1" passed="1" failed="0" skipped="0">
  <reporter-output>
  </reporter-output>
  <suite started-at="2021-06-26T23:31:31 IST" name="Default suite" finished-at="2021-06-26T23:32:47 IST" duration-ms="76306">
    <groups>
    </groups>
    <test started-at="2021-06-26T23:31:31 IST" name="Default test" finished-at="2021-06-26T23:32:47 IST" duration-ms="76306">
      <class name="salesforce.testcases.TC_AssessmentCase">
        <test-method is-config="true" signature="setFileName()[pri:0, instance:salesforce.testcases.TC_AssessmentCase@5b1669c0]" started-at="2021-06-26T23:31:31 IST" name="setFileName" finished-at="2021-06-26T23:31:31 IST" duration-ms="7" status="PASS">
          <reporter-output>
          </reporter-output>
        </test-method> <!-- setFileName -->
        <test-method is-config="true" signature="launchApp()[pri:0, instance:salesforce.testcases.TC_AssessmentCase@5b1669c0]" started-at="2021-06-26T23:31:31 IST" name="launchApp" finished-at="2021-06-26T23:31:34 IST" duration-ms="3228" status="PASS">
          <reporter-output>
          </reporter-output>
        </test-method> <!-- launchApp -->
        <test-method signature="assessmentTestcase()[pri:0, instance:salesforce.testcases.TC_AssessmentCase@5b1669c0]" started-at="2021-06-26T23:31:34 IST" name="assessmentTestcase" finished-at="2021-06-26T23:32:43 IST" duration-ms="68973" status="PASS">
          <reporter-output>
          </reporter-output>
        </test-method> <!-- assessmentTestcase -->
        <test-method is-config="true" signature="closeBrowser()[pri:0, instance:salesforce.testcases.TC_AssessmentCase@5b1669c0]" started-at="2021-06-26T23:32:43 IST" name="closeBrowser" finished-at="2021-06-26T23:32:47 IST" duration-ms="4071" status="PASS">
          <reporter-output>
          </reporter-output>
        </test-method> <!-- closeBrowser -->
      </class> <!-- salesforce.testcases.TC_AssessmentCase -->
    </test> <!-- Default test -->
  </suite> <!-- Default suite -->
</testng-results>
